This is pdfTeX, Version 3.14159265-2.6-1.40.21 (MiKTeX 2.9.7300 64-bit) (preloaded format=pdflatex 2020.3.21)  18 SEP 2020 08:31
entering extended mode
**./quiz_2.tex
(quiz_2.tex
LaTeX2e <2020-02-02> patch level 2
L3 programming layer <2020-02-14>
("C:\Users\Colin\AppData\Local\Programs\MiKTeX 2.9\tex/latex/amscls\amsbook.cls
"
Document Class: amsbook 2017/10/31 v2.20.4
\linespacing=\dimen134
\normalparindent=\dimen135
\normaltopskip=\skip47

("C:\Users\Colin\AppData\Local\Programs\MiKTeX 2.9\tex/latex/amsmath\amsmath.st
y"
Package: amsmath 2020/01/20 v2.17e AMS math features
\@mathmargin=\skip48

For additional information on amsmath, use the `?' option.

("C:\Users\Colin\AppData\Local\Programs\MiKTeX 2.9\tex/latex/amsmath\amstext.st
y"
Package: amstext 2000/06/29 v2.01 AMS text

("C:\Users\Colin\AppData\Local\Programs\MiKTeX 2.9\tex/latex/amsmath\amsgen.sty
"
File: amsgen.sty 1999/11/30 v2.0 generic functions
\@emptytoks=\toks14
\ex@=\dimen136
))
("C:\Users\Colin\AppData\Local\Programs\MiKTeX 2.9\tex/latex/amsmath\amsbsy.sty
"
Package: amsbsy 1999/11/29 v1.2d Bold Symbols
\pmbraise@=\dimen137
)
("C:\Users\Colin\AppData\Local\Programs\MiKTeX 2.9\tex/latex/amsmath\amsopn.sty
"
Package: amsopn 2016/03/08 v2.02 operator names
)
\inf@bad=\count167
LaTeX Info: Redefining \frac on input line 227.
\uproot@=\count168
\leftroot@=\count169
LaTeX Info: Redefining \overline on input line 389.
\classnum@=\count170
\DOTSCASE@=\count171
LaTeX Info: Redefining \ldots on input line 486.
LaTeX Info: Redefining \dots on input line 489.
LaTeX Info: Redefining \cdots on input line 610.
\Mathstrutbox@=\box45
\strutbox@=\box46
\big@size=\dimen138
LaTeX Font Info:    Redeclaring font encoding OML on input line 733.
LaTeX Font Info:    Redeclaring font encoding OMS on input line 734.
\macc@depth=\count172
\c@MaxMatrixCols=\count173
\dotsspace@=\muskip16
\c@parentequation=\count174
\dspbrk@lvl=\count175
\tag@help=\toks15
\row@=\count176
\column@=\count177
\maxfields@=\count178
\andhelp@=\toks16
\eqnshift@=\dimen139
\alignsep@=\dimen140
\tagshift@=\dimen141
\tagwidth@=\dimen142
\totwidth@=\dimen143
\lineht@=\dimen144
\@envbody=\toks17
\multlinegap=\skip49
\multlinetaggap=\skip50
\mathdisplay@stack=\toks18
LaTeX Info: Redefining \[ on input line 2859.
LaTeX Info: Redefining \] on input line 2860.
)
LaTeX Font Info:    Trying to load font information for U+msa on input line 377
.

("C:\Users\Colin\AppData\Local\Programs\MiKTeX 2.9\tex/latex/amsfonts\umsa.fd"
File: umsa.fd 2013/01/14 v3.01 AMS symbols A
)
("C:\Users\Colin\AppData\Local\Programs\MiKTeX 2.9\tex/latex/amsfonts\amsfonts.
sty"
Package: amsfonts 2013/01/14 v3.01 Basic AMSFonts support
\symAMSa=\mathgroup4
\symAMSb=\mathgroup5
LaTeX Font Info:    Redeclaring math symbol \hbar on input line 98.
LaTeX Font Info:    Overwriting math alphabet `\mathfrak' in version `bold'
(Font)                  U/euf/m/n --> U/euf/b/n on input line 106.
)
\copyins=\insert199
\abstractbox=\box47
\listisep=\skip51
\c@part=\count179
\c@chapter=\count180
\c@section=\count181
\c@subsection=\count182
\c@subsubsection=\count183
\c@paragraph=\count184
\c@subparagraph=\count185
\c@figure=\count186
\c@table=\count187
\abovecaptionskip=\skip52
\belowcaptionskip=\skip53
\captionindent=\dimen145
\thm@style=\toks19
\thm@bodyfont=\toks20
\thm@headfont=\toks21
\thm@notefont=\toks22
\thm@headpunct=\toks23
\thm@preskip=\skip54
\thm@postskip=\skip55
\thm@headsep=\skip56
\dth@everypar=\toks24
) (preamble.sty
Package: preamble 

("C:\Users\Colin\AppData\Local\Programs\MiKTeX 2.9\tex/latex/geometry\geometry.
sty"
Package: geometry 2020/01/02 v5.9 Page Geometry

("C:\Users\Colin\AppData\Local\Programs\MiKTeX 2.9\tex/latex/graphics\keyval.st
y"
Package: keyval 2014/10/28 v1.15 key=value parser (DPC)
\KV@toks@=\toks25
)
("C:\Users\Colin\AppData\Local\Programs\MiKTeX 2.9\tex/generic/iftex\ifvtex.sty
"
Package: ifvtex 2019/10/25 v1.7 ifvtex legacy package. Use iftex instead.
 ("C:\Users\Colin\AppData\Local\Programs\MiKTeX 2.9\tex/generic/iftex\iftex.sty
"
Package: iftex 2019/11/07 v1.0c TeX engine tests
))
\Gm@cnth=\count188
\Gm@cntv=\count189
\c@Gm@tempcnt=\count190
\Gm@bindingoffset=\dimen146
\Gm@wd@mp=\dimen147
\Gm@odd@mp=\dimen148
\Gm@even@mp=\dimen149
\Gm@layoutwidth=\dimen150
\Gm@layoutheight=\dimen151
\Gm@layouthoffset=\dimen152
\Gm@layoutvoffset=\dimen153
\Gm@dimlist=\toks26

("C:\Users\Colin\AppData\Local\Programs\MiKTeX 2.9\tex/latex/geometry\geometry.
cfg"))
("C:\Users\Colin\AppData\Local\Programs\MiKTeX 2.9\tex/latex/hyperref\hyperref.
sty"
Package: hyperref 2020/01/14 v7.00d Hypertext links for LaTeX

("C:\Users\Colin\AppData\Local\Programs\MiKTeX 2.9\tex/generic/ltxcmds\ltxcmds.
sty"
Package: ltxcmds 2019/12/15 v1.24 LaTeX kernel commands for general use (HO)
)
("C:\Users\Colin\AppData\Local\Programs\MiKTeX 2.9\tex/latex/pdftexcmds\pdftexc
mds.sty"
Package: pdftexcmds 2019/11/24 v0.31 Utility functions of pdfTeX for LuaTeX (HO
)

("C:\Users\Colin\AppData\Local\Programs\MiKTeX 2.9\tex/generic/infwarerr\infwar
err.sty"
Package: infwarerr 2019/12/03 v1.5 Providing info/warning/error messages (HO)
)
Package pdftexcmds Info: \pdf@primitive is available.
Package pdftexcmds Info: \pdf@ifprimitive is available.
Package pdftexcmds Info: \pdfdraftmode found.
)
("C:\Users\Colin\AppData\Local\Programs\MiKTeX 2.9\tex/generic/kvsetkeys\kvsetk
eys.sty"
Package: kvsetkeys 2019/12/15 v1.18 Key value parser (HO)
)
("C:\Users\Colin\AppData\Local\Programs\MiKTeX 2.9\tex/generic/kvdefinekeys\kvd
efinekeys.sty"
Package: kvdefinekeys 2019-12-19 v1.6 Define keys (HO)
)
("C:\Users\Colin\AppData\Local\Programs\MiKTeX 2.9\tex/generic/pdfescape\pdfesc
ape.sty"
Package: pdfescape 2019/12/09 v1.15 Implements pdfTeX's escape features (HO)
)
("C:\Users\Colin\AppData\Local\Programs\MiKTeX 2.9\tex/latex/hycolor\hycolor.st
y"
Package: hycolor 2020-01-27 v1.10 Color options for hyperref/bookmark (HO)
)
("C:\Users\Colin\AppData\Local\Programs\MiKTeX 2.9\tex/latex/letltxmacro\letltx
macro.sty"
Package: letltxmacro 2019/12/03 v1.6 Let assignment for LaTeX macros (HO)
)
("C:\Users\Colin\AppData\Local\Programs\MiKTeX 2.9\tex/latex/auxhook\auxhook.st
y"
Package: auxhook 2019-12-17 v1.6 Hooks for auxiliary files (HO)
)
("C:\Users\Colin\AppData\Local\Programs\MiKTeX 2.9\tex/latex/kvoptions\kvoption
s.sty"
Package: kvoptions 2019/11/29 v3.13 Key value format for package options (HO)
)
\@linkdim=\dimen154
\Hy@linkcounter=\count191
\Hy@pagecounter=\count192

("C:\Users\Colin\AppData\Local\Programs\MiKTeX 2.9\tex/latex/hyperref\pd1enc.de
f"
File: pd1enc.def 2020/01/14 v7.00d Hyperref: PDFDocEncoding definition (HO)
Now handling font encoding PD1 ...
... no UTF-8 mapping file for font encoding PD1
)
("C:\Users\Colin\AppData\Local\Programs\MiKTeX 2.9\tex/generic/intcalc\intcalc.
sty"
Package: intcalc 2019/12/15 v1.3 Expandable calculations with integers (HO)
)
("C:\Users\Colin\AppData\Local\Programs\MiKTeX 2.9\tex/generic/etexcmds\etexcmd
s.sty"
Package: etexcmds 2019/12/15 v1.7 Avoid name clashes with e-TeX commands (HO)
)
\Hy@SavedSpaceFactor=\count193
Package hyperref Info: Hyper figures OFF on input line 4547.
Package hyperref Info: Link nesting OFF on input line 4552.
Package hyperref Info: Hyper index ON on input line 4555.
Package hyperref Info: Plain pages OFF on input line 4562.
Package hyperref Info: Backreferencing OFF on input line 4567.
Package hyperref Info: Implicit mode ON; LaTeX internals redefined.
Package hyperref Info: Bookmarks ON on input line 4800.
\c@Hy@tempcnt=\count194
 ("C:\Users\Colin\AppData\Local\Programs\MiKTeX 2.9\tex/latex/url\url.sty"
\Urlmuskip=\muskip17
Package: url 2013/09/16  ver 3.4  Verb mode for urls, etc.
)
LaTeX Info: Redefining \url on input line 5159.
\XeTeXLinkMargin=\dimen155

("C:\Users\Colin\AppData\Local\Programs\MiKTeX 2.9\tex/generic/bitset\bitset.st
y"
Package: bitset 2019/12/09 v1.3 Handle bit-vector datatype (HO)

("C:\Users\Colin\AppData\Local\Programs\MiKTeX 2.9\tex/generic/bigintcalc\bigin
tcalc.sty"
Package: bigintcalc 2019/12/15 v1.5 Expandable calculations on big integers (HO
)
))
\Fld@menulength=\count195
\Field@Width=\dimen156
\Fld@charsize=\dimen157
Package hyperref Info: Hyper figures OFF on input line 6430.
Package hyperref Info: Link nesting OFF on input line 6435.
Package hyperref Info: Hyper index ON on input line 6438.
Package hyperref Info: backreferencing OFF on input line 6445.
Package hyperref Info: Link coloring OFF on input line 6450.
Package hyperref Info: Link coloring with OCG OFF on input line 6455.
Package hyperref Info: PDF/A mode OFF on input line 6460.
LaTeX Info: Redefining \ref on input line 6500.
LaTeX Info: Redefining \pageref on input line 6504.

("C:\Users\Colin\AppData\Local\Programs\MiKTeX 2.9\tex/generic/atbegshi\atbegsh
i.sty"
Package: atbegshi 2019/12/05 v1.19 At begin shipout hook (HO)
)
\Hy@abspage=\count196
\c@Item=\count197
\c@Hfootnote=\count198
)
Package hyperref Info: Driver (autodetected): hpdftex.

("C:\Users\Colin\AppData\Local\Programs\MiKTeX 2.9\tex/latex/hyperref\hpdftex.d
ef"
File: hpdftex.def 2020/01/14 v7.00d Hyperref driver for pdfTeX

("C:\Users\Colin\AppData\Local\Programs\MiKTeX 2.9\tex/latex/atveryend\atveryen
d.sty"
Package: atveryend 2019-12-11 v1.11 Hooks at the very end of document (HO)
Package atveryend Info: \enddocument detected (standard20110627).
)
\Fld@listcount=\count266
\c@bookmark@seq@number=\count267

("C:\Users\Colin\AppData\Local\Programs\MiKTeX 2.9\tex/latex/rerunfilecheck\rer
unfilecheck.sty"
Package: rerunfilecheck 2019/12/05 v1.9 Rerun checks for auxiliary files (HO)

("C:\Users\Colin\AppData\Local\Programs\MiKTeX 2.9\tex/generic/uniquecounter\un
iquecounter.sty"
Package: uniquecounter 2019/12/15 v1.4 Provide unlimited unique counter (HO)
)
Package uniquecounter Info: New unique counter `rerunfilecheck' on input line 2
86.
)
\Hy@SectionHShift=\skip57
)
("C:\Users\Colin\AppData\Local\Programs\MiKTeX 2.9\tex/latex/graphics\color.sty
"
Package: color 2019/11/23 v1.2a Standard LaTeX Color (DPC)

("C:\Users\Colin\AppData\Local\Programs\MiKTeX 2.9\tex/latex/graphics-cfg\color
.cfg"
File: color.cfg 2016/01/02 v1.6 sample color configuration
)
Package color Info: Driver file: pdftex.def on input line 147.

("C:\Users\Colin\AppData\Local\Programs\MiKTeX 2.9\tex/latex/graphics-def\pdfte
x.def"
File: pdftex.def 2018/01/08 v1.0l Graphics/color driver for pdftex
))
("C:\Users\Colin\AppData\Local\Programs\MiKTeX 2.9\tex/latex/soul\soul.sty"
Package: soul 2003/11/17 v2.4 letterspacing/underlining (mf)
\SOUL@word=\toks27
\SOUL@lasttoken=\toks28
\SOUL@cmds=\toks29
\SOUL@buffer=\toks30
\SOUL@token=\toks31
\SOUL@spaceskip=\skip58
\SOUL@ttwidth=\dimen158
\SOUL@uldp=\dimen159
\SOUL@ulht=\dimen160
)
("C:\Users\Colin\AppData\Local\Programs\MiKTeX 2.9\tex/latex/xcolor\xcolor.sty"
Package: xcolor 2016/05/11 v2.12 LaTeX color extensions (UK)

("C:\Users\Colin\AppData\Local\Programs\MiKTeX 2.9\tex/latex/graphics-cfg\color
.cfg"
File: color.cfg 2016/01/02 v1.6 sample color configuration
)
Package xcolor Info: Driver file: pdftex.def on input line 225.
LaTeX Info: Redefining \color on input line 709.
Package xcolor Info: Model `cmy' substituted by `cmy0' on input line 1348.
Package xcolor Info: Model `hsb' substituted by `rgb' on input line 1352.
Package xcolor Info: Model `RGB' extended on input line 1364.
Package xcolor Info: Model `HTML' substituted by `rgb' on input line 1366.
Package xcolor Info: Model `Hsb' substituted by `hsb' on input line 1367.
Package xcolor Info: Model `tHsb' substituted by `hsb' on input line 1368.
Package xcolor Info: Model `HSB' substituted by `hsb' on input line 1369.
Package xcolor Info: Model `Gray' substituted by `gray' on input line 1370.
Package xcolor Info: Model `wave' substituted by `hsb' on input line 1371.
)
("C:\Users\Colin\AppData\Local\Programs\MiKTeX 2.9\tex/latex/tikz-cd\tikz-cd.st
y"
Package: tikz-cd 2018/11/19 v0.9f Commutative diagrams with TikZ

("C:\Users\Colin\AppData\Local\Programs\MiKTeX 2.9\tex/latex/pgf/frontendlayer\
tikz.sty"
("C:\Users\Colin\AppData\Local\Programs\MiKTeX 2.9\tex/latex/pgf/basiclayer\pgf
.sty"
("C:\Users\Colin\AppData\Local\Programs\MiKTeX 2.9\tex/latex/pgf/utilities\pgfr
cs.sty"
("C:\Users\Colin\AppData\Local\Programs\MiKTeX 2.9\tex/generic/pgf/utilities\pg
futil-common.tex"
\pgfutil@everybye=\toks32
\pgfutil@tempdima=\dimen161
\pgfutil@tempdimb=\dimen162

("C:\Users\Colin\AppData\Local\Programs\MiKTeX 2.9\tex/generic/pgf/utilities\pg
futil-common-lists.tex"))
("C:\Users\Colin\AppData\Local\Programs\MiKTeX 2.9\tex/generic/pgf/utilities\pg
futil-latex.def"
\pgfutil@abb=\box48

("C:\Users\Colin\AppData\Local\Programs\MiKTeX 2.9\tex/latex/ms\everyshi.sty"
Package: everyshi 2001/05/15 v3.00 EveryShipout Package (MS)
))
("C:\Users\Colin\AppData\Local\Programs\MiKTeX 2.9\tex/generic/pgf/utilities\pg
frcs.code.tex"
("C:\Users\Colin\AppData\Local\Programs\MiKTeX 2.9\tex/generic/pgf\pgf.revision
.tex")
Package: pgfrcs 2020/01/08 v3.1.5b (3.1.5b)
))
Package: pgf 2020/01/08 v3.1.5b (3.1.5b)

("C:\Users\Colin\AppData\Local\Programs\MiKTeX 2.9\tex/latex/pgf/basiclayer\pgf
core.sty"
("C:\Users\Colin\AppData\Local\Programs\MiKTeX 2.9\tex/latex/graphics\graphicx.
sty"
Package: graphicx 2019/11/30 v1.2a Enhanced LaTeX Graphics (DPC,SPQR)

("C:\Users\Colin\AppData\Local\Programs\MiKTeX 2.9\tex/latex/graphics\graphics.
sty"
Package: graphics 2019/11/30 v1.4a Standard LaTeX Graphics (DPC,SPQR)

("C:\Users\Colin\AppData\Local\Programs\MiKTeX 2.9\tex/latex/graphics\trig.sty"
Package: trig 2016/01/03 v1.10 sin cos tan (DPC)
)
("C:\Users\Colin\AppData\Local\Programs\MiKTeX 2.9\tex/latex/graphics-cfg\graph
ics.cfg"
File: graphics.cfg 2016/06/04 v1.11 sample graphics configuration
)
Package graphics Info: Driver file: pdftex.def on input line 105.
)
\Gin@req@height=\dimen163
\Gin@req@width=\dimen164
)
("C:\Users\Colin\AppData\Local\Programs\MiKTeX 2.9\tex/latex/pgf/systemlayer\pg
fsys.sty"
("C:\Users\Colin\AppData\Local\Programs\MiKTeX 2.9\tex/generic/pgf/systemlayer\
pgfsys.code.tex"
Package: pgfsys 2020/01/08 v3.1.5b (3.1.5b)

("C:\Users\Colin\AppData\Local\Programs\MiKTeX 2.9\tex/generic/pgf/utilities\pg
fkeys.code.tex"
\pgfkeys@pathtoks=\toks33
\pgfkeys@temptoks=\toks34

("C:\Users\Colin\AppData\Local\Programs\MiKTeX 2.9\tex/generic/pgf/utilities\pg
fkeysfiltered.code.tex"
\pgfkeys@tmptoks=\toks35
))
\pgf@x=\dimen165
\pgf@y=\dimen166
\pgf@xa=\dimen167
\pgf@ya=\dimen168
\pgf@xb=\dimen169
\pgf@yb=\dimen170
\pgf@xc=\dimen171
\pgf@yc=\dimen172
\pgf@xd=\dimen173
\pgf@yd=\dimen174
\w@pgf@writea=\write3
\r@pgf@reada=\read2
\c@pgf@counta=\count268
\c@pgf@countb=\count269
\c@pgf@countc=\count270
\c@pgf@countd=\count271
\t@pgf@toka=\toks36
\t@pgf@tokb=\toks37
\t@pgf@tokc=\toks38
\pgf@sys@id@count=\count272

("C:\Users\Colin\AppData\Local\Programs\MiKTeX 2.9\tex/generic/pgf/systemlayer\
pgf.cfg"
File: pgf.cfg 2020/01/08 v3.1.5b (3.1.5b)
)
Driver file for pgf: pgfsys-pdftex.def

("C:\Users\Colin\AppData\Local\Programs\MiKTeX 2.9\tex/generic/pgf/systemlayer\
pgfsys-pdftex.def"
File: pgfsys-pdftex.def 2020/01/08 v3.1.5b (3.1.5b)

("C:\Users\Colin\AppData\Local\Programs\MiKTeX 2.9\tex/generic/pgf/systemlayer\
pgfsys-common-pdf.def"
File: pgfsys-common-pdf.def 2020/01/08 v3.1.5b (3.1.5b)
)))
("C:\Users\Colin\AppData\Local\Programs\MiKTeX 2.9\tex/generic/pgf/systemlayer\
pgfsyssoftpath.code.tex"
File: pgfsyssoftpath.code.tex 2020/01/08 v3.1.5b (3.1.5b)
\pgfsyssoftpath@smallbuffer@items=\count273
\pgfsyssoftpath@bigbuffer@items=\count274
)
("C:\Users\Colin\AppData\Local\Programs\MiKTeX 2.9\tex/generic/pgf/systemlayer\
pgfsysprotocol.code.tex"
File: pgfsysprotocol.code.tex 2020/01/08 v3.1.5b (3.1.5b)
))
("C:\Users\Colin\AppData\Local\Programs\MiKTeX 2.9\tex/generic/pgf/basiclayer\p
gfcore.code.tex"
Package: pgfcore 2020/01/08 v3.1.5b (3.1.5b)

("C:\Users\Colin\AppData\Local\Programs\MiKTeX 2.9\tex/generic/pgf/math\pgfmath
.code.tex"
("C:\Users\Colin\AppData\Local\Programs\MiKTeX 2.9\tex/generic/pgf/math\pgfmath
calc.code.tex"
("C:\Users\Colin\AppData\Local\Programs\MiKTeX 2.9\tex/generic/pgf/math\pgfmath
util.code.tex")
("C:\Users\Colin\AppData\Local\Programs\MiKTeX 2.9\tex/generic/pgf/math\pgfmath
parser.code.tex"
\pgfmath@dimen=\dimen175
\pgfmath@count=\count275
\pgfmath@box=\box49
\pgfmath@toks=\toks39
\pgfmath@stack@operand=\toks40
\pgfmath@stack@operation=\toks41
)
("C:\Users\Colin\AppData\Local\Programs\MiKTeX 2.9\tex/generic/pgf/math\pgfmath
functions.code.tex"
("C:\Users\Colin\AppData\Local\Programs\MiKTeX 2.9\tex/generic/pgf/math\pgfmath
functions.basic.code.tex")
("C:\Users\Colin\AppData\Local\Programs\MiKTeX 2.9\tex/generic/pgf/math\pgfmath
functions.trigonometric.code.tex")
("C:\Users\Colin\AppData\Local\Programs\MiKTeX 2.9\tex/generic/pgf/math\pgfmath
functions.random.code.tex")
("C:\Users\Colin\AppData\Local\Programs\MiKTeX 2.9\tex/generic/pgf/math\pgfmath
functions.comparison.code.tex")
("C:\Users\Colin\AppData\Local\Programs\MiKTeX 2.9\tex/generic/pgf/math\pgfmath
functions.base.code.tex")
("C:\Users\Colin\AppData\Local\Programs\MiKTeX 2.9\tex/generic/pgf/math\pgfmath
functions.round.code.tex")
("C:\Users\Colin\AppData\Local\Programs\MiKTeX 2.9\tex/generic/pgf/math\pgfmath
functions.misc.code.tex")
("C:\Users\Colin\AppData\Local\Programs\MiKTeX 2.9\tex/generic/pgf/math\pgfmath
functions.integerarithmetics.code.tex")))
("C:\Users\Colin\AppData\Local\Programs\MiKTeX 2.9\tex/generic/pgf/math\pgfmath
float.code.tex"
\c@pgfmathroundto@lastzeros=\count276
))
("C:\Users\Colin\AppData\Local\Programs\MiKTeX 2.9\tex/generic/pgf/math\pgfint.
code.tex")
("C:\Users\Colin\AppData\Local\Programs\MiKTeX 2.9\tex/generic/pgf/basiclayer\p
gfcorepoints.code.tex"
File: pgfcorepoints.code.tex 2020/01/08 v3.1.5b (3.1.5b)
\pgf@picminx=\dimen176
\pgf@picmaxx=\dimen177
\pgf@picminy=\dimen178
\pgf@picmaxy=\dimen179
\pgf@pathminx=\dimen180
\pgf@pathmaxx=\dimen181
\pgf@pathminy=\dimen182
\pgf@pathmaxy=\dimen183
\pgf@xx=\dimen184
\pgf@xy=\dimen185
\pgf@yx=\dimen186
\pgf@yy=\dimen187
\pgf@zx=\dimen188
\pgf@zy=\dimen189
)
("C:\Users\Colin\AppData\Local\Programs\MiKTeX 2.9\tex/generic/pgf/basiclayer\p
gfcorepathconstruct.code.tex"
File: pgfcorepathconstruct.code.tex 2020/01/08 v3.1.5b (3.1.5b)
\pgf@path@lastx=\dimen190
\pgf@path@lasty=\dimen191
)
("C:\Users\Colin\AppData\Local\Programs\MiKTeX 2.9\tex/generic/pgf/basiclayer\p
gfcorepathusage.code.tex"
File: pgfcorepathusage.code.tex 2020/01/08 v3.1.5b (3.1.5b)
\pgf@shorten@end@additional=\dimen192
\pgf@shorten@start@additional=\dimen193
)
("C:\Users\Colin\AppData\Local\Programs\MiKTeX 2.9\tex/generic/pgf/basiclayer\p
gfcorescopes.code.tex"
File: pgfcorescopes.code.tex 2020/01/08 v3.1.5b (3.1.5b)
\pgfpic=\box50
\pgf@hbox=\box51
\pgf@layerbox@main=\box52
\pgf@picture@serial@count=\count277
)
("C:\Users\Colin\AppData\Local\Programs\MiKTeX 2.9\tex/generic/pgf/basiclayer\p
gfcoregraphicstate.code.tex"
File: pgfcoregraphicstate.code.tex 2020/01/08 v3.1.5b (3.1.5b)
\pgflinewidth=\dimen194
)
("C:\Users\Colin\AppData\Local\Programs\MiKTeX 2.9\tex/generic/pgf/basiclayer\p
gfcoretransformations.code.tex"
File: pgfcoretransformations.code.tex 2020/01/08 v3.1.5b (3.1.5b)
\pgf@pt@x=\dimen195
\pgf@pt@y=\dimen196
\pgf@pt@temp=\dimen197
)
("C:\Users\Colin\AppData\Local\Programs\MiKTeX 2.9\tex/generic/pgf/basiclayer\p
gfcorequick.code.tex"
File: pgfcorequick.code.tex 2020/01/08 v3.1.5b (3.1.5b)
)
("C:\Users\Colin\AppData\Local\Programs\MiKTeX 2.9\tex/generic/pgf/basiclayer\p
gfcoreobjects.code.tex"
File: pgfcoreobjects.code.tex 2020/01/08 v3.1.5b (3.1.5b)
)
("C:\Users\Colin\AppData\Local\Programs\MiKTeX 2.9\tex/generic/pgf/basiclayer\p
gfcorepathprocessing.code.tex"
File: pgfcorepathprocessing.code.tex 2020/01/08 v3.1.5b (3.1.5b)
)
("C:\Users\Colin\AppData\Local\Programs\MiKTeX 2.9\tex/generic/pgf/basiclayer\p
gfcorearrows.code.tex"
File: pgfcorearrows.code.tex 2020/01/08 v3.1.5b (3.1.5b)
\pgfarrowsep=\dimen198
)
("C:\Users\Colin\AppData\Local\Programs\MiKTeX 2.9\tex/generic/pgf/basiclayer\p
gfcoreshade.code.tex"
File: pgfcoreshade.code.tex 2020/01/08 v3.1.5b (3.1.5b)
\pgf@max=\dimen256
\pgf@sys@shading@range@num=\count278
\pgf@shadingcount=\count279
)
("C:\Users\Colin\AppData\Local\Programs\MiKTeX 2.9\tex/generic/pgf/basiclayer\p
gfcoreimage.code.tex"
File: pgfcoreimage.code.tex 2020/01/08 v3.1.5b (3.1.5b)

("C:\Users\Colin\AppData\Local\Programs\MiKTeX 2.9\tex/generic/pgf/basiclayer\p
gfcoreexternal.code.tex"
File: pgfcoreexternal.code.tex 2020/01/08 v3.1.5b (3.1.5b)
\pgfexternal@startupbox=\box53
))
("C:\Users\Colin\AppData\Local\Programs\MiKTeX 2.9\tex/generic/pgf/basiclayer\p
gfcorelayers.code.tex"
File: pgfcorelayers.code.tex 2020/01/08 v3.1.5b (3.1.5b)
)
("C:\Users\Colin\AppData\Local\Programs\MiKTeX 2.9\tex/generic/pgf/basiclayer\p
gfcoretransparency.code.tex"
File: pgfcoretransparency.code.tex 2020/01/08 v3.1.5b (3.1.5b)
)
("C:\Users\Colin\AppData\Local\Programs\MiKTeX 2.9\tex/generic/pgf/basiclayer\p
gfcorepatterns.code.tex"
File: pgfcorepatterns.code.tex 2020/01/08 v3.1.5b (3.1.5b)
)
("C:\Users\Colin\AppData\Local\Programs\MiKTeX 2.9\tex/generic/pgf/basiclayer\p
gfcorerdf.code.tex"
File: pgfcorerdf.code.tex 2020/01/08 v3.1.5b (3.1.5b)
)))
("C:\Users\Colin\AppData\Local\Programs\MiKTeX 2.9\tex/generic/pgf/modules\pgfm
oduleshapes.code.tex"
File: pgfmoduleshapes.code.tex 2020/01/08 v3.1.5b (3.1.5b)
\pgfnodeparttextbox=\box54
)
("C:\Users\Colin\AppData\Local\Programs\MiKTeX 2.9\tex/generic/pgf/modules\pgfm
oduleplot.code.tex"
File: pgfmoduleplot.code.tex 2020/01/08 v3.1.5b (3.1.5b)
)
("C:\Users\Colin\AppData\Local\Programs\MiKTeX 2.9\tex/latex/pgf/compatibility\
pgfcomp-version-0-65.sty"
Package: pgfcomp-version-0-65 2020/01/08 v3.1.5b (3.1.5b)
\pgf@nodesepstart=\dimen257
\pgf@nodesepend=\dimen258
)
("C:\Users\Colin\AppData\Local\Programs\MiKTeX 2.9\tex/latex/pgf/compatibility\
pgfcomp-version-1-18.sty"
Package: pgfcomp-version-1-18 2020/01/08 v3.1.5b (3.1.5b)
))
("C:\Users\Colin\AppData\Local\Programs\MiKTeX 2.9\tex/latex/pgf/utilities\pgff
or.sty"
("C:\Users\Colin\AppData\Local\Programs\MiKTeX 2.9\tex/latex/pgf/utilities\pgfk
eys.sty"
("C:\Users\Colin\AppData\Local\Programs\MiKTeX 2.9\tex/generic/pgf/utilities\pg
fkeys.code.tex"))
("C:\Users\Colin\AppData\Local\Programs\MiKTeX 2.9\tex/latex/pgf/math\pgfmath.s
ty"
("C:\Users\Colin\AppData\Local\Programs\MiKTeX 2.9\tex/generic/pgf/math\pgfmath
.code.tex"))
("C:\Users\Colin\AppData\Local\Programs\MiKTeX 2.9\tex/generic/pgf/utilities\pg
ffor.code.tex"
Package: pgffor 2020/01/08 v3.1.5b (3.1.5b)

("C:\Users\Colin\AppData\Local\Programs\MiKTeX 2.9\tex/generic/pgf/math\pgfmath
.code.tex")
\pgffor@iter=\dimen259
\pgffor@skip=\dimen260
\pgffor@stack=\toks42
\pgffor@toks=\toks43
))
("C:\Users\Colin\AppData\Local\Programs\MiKTeX 2.9\tex/generic/pgf/frontendlaye
r/tikz\tikz.code.tex"
Package: tikz 2020/01/08 v3.1.5b (3.1.5b)

("C:\Users\Colin\AppData\Local\Programs\MiKTeX 2.9\tex/generic/pgf/libraries\pg
flibraryplothandlers.code.tex"
File: pgflibraryplothandlers.code.tex 2020/01/08 v3.1.5b (3.1.5b)
\pgf@plot@mark@count=\count280
\pgfplotmarksize=\dimen261
)
\tikz@lastx=\dimen262
\tikz@lasty=\dimen263
\tikz@lastxsaved=\dimen264
\tikz@lastysaved=\dimen265
\tikz@lastmovetox=\dimen266
\tikz@lastmovetoy=\dimen267
\tikzleveldistance=\dimen268
\tikzsiblingdistance=\dimen269
\tikz@figbox=\box55
\tikz@figbox@bg=\box56
\tikz@tempbox=\box57
\tikz@tempbox@bg=\box58
\tikztreelevel=\count281
\tikznumberofchildren=\count282
\tikznumberofcurrentchild=\count283
\tikz@fig@count=\count284

("C:\Users\Colin\AppData\Local\Programs\MiKTeX 2.9\tex/generic/pgf/modules\pgfm
odulematrix.code.tex"
File: pgfmodulematrix.code.tex 2020/01/08 v3.1.5b (3.1.5b)
\pgfmatrixcurrentrow=\count285
\pgfmatrixcurrentcolumn=\count286
\pgf@matrix@numberofcolumns=\count287
)
\tikz@expandcount=\count288

("C:\Users\Colin\AppData\Local\Programs\MiKTeX 2.9\tex/generic/pgf/frontendlaye
r/tikz/libraries\tikzlibrarytopaths.code.tex"
File: tikzlibrarytopaths.code.tex 2020/01/08 v3.1.5b (3.1.5b)
)))
("C:\Users\Colin\AppData\Local\Programs\MiKTeX 2.9\tex/latex/tikz-cd\tikzlibrar
ycd.code.tex"
("C:\Users\Colin\AppData\Local\Programs\MiKTeX 2.9\tex/generic/pgf/frontendlaye
r/tikz/libraries\tikzlibrarymatrix.code.tex"
File: tikzlibrarymatrix.code.tex 2020/01/08 v3.1.5b (3.1.5b)
)
("C:\Users\Colin\AppData\Local\Programs\MiKTeX 2.9\tex/generic/pgf/frontendlaye
r/tikz/libraries\tikzlibraryquotes.code.tex"
File: tikzlibraryquotes.code.tex 2020/01/08 v3.1.5b (3.1.5b)
)
("C:\Users\Colin\AppData\Local\Programs\MiKTeX 2.9\tex/generic/pgf/libraries\pg
flibraryarrows.meta.code.tex"
File: pgflibraryarrows.meta.code.tex 2020/01/08 v3.1.5b (3.1.5b)
\pgfarrowinset=\dimen270
\pgfarrowlength=\dimen271
\pgfarrowwidth=\dimen272
\pgfarrowlinewidth=\dimen273
)))
("C:\Users\Colin\AppData\Local\Programs\MiKTeX 2.9\tex/latex/tikz-3dplot\tikz-3
dplot.sty"
("C:\Users\Colin\AppData\Local\Programs\MiKTeX 2.9\tex/latex/base\ifthen.sty"
Package: ifthen 2014/09/29 v1.1c Standard LaTeX ifthen package (DPC)
)
("C:\Users\Colin\AppData\Local\Programs\MiKTeX 2.9\tex/generic/pgf/frontendlaye
r/tikz/libraries\tikzlibrarycalc.code.tex"
File: tikzlibrarycalc.code.tex 2020/01/08 v3.1.5b (3.1.5b)
)
("C:\Users\Colin\AppData\Local\Programs\MiKTeX 2.9\tex/generic/pgf/frontendlaye
r/tikz/libraries\tikzlibrary3d.code.tex"
File: tikzlibrary3d.code.tex 2020/01/08 v3.1.5b (3.1.5b)
)
("C:\Users\Colin\AppData\Local\Programs\MiKTeX 2.9\tex/generic/pgf/frontendlaye
r/tikz/libraries\tikzlibraryarrows.code.tex"
File: tikzlibraryarrows.code.tex 2020/01/08 v3.1.5b (3.1.5b)

("C:\Users\Colin\AppData\Local\Programs\MiKTeX 2.9\tex/generic/pgf/libraries\pg
flibraryarrows.code.tex"
File: pgflibraryarrows.code.tex 2020/01/08 v3.1.5b (3.1.5b)
\arrowsize=\dimen274
)))
("C:\Users\Colin\AppData\Local\Programs\MiKTeX 2.9\tex/generic/pgf/frontendlaye
r/tikz/libraries\tikzlibraryangles.code.tex"
File: tikzlibraryangles.code.tex 2020/01/08 v3.1.5b (3.1.5b)
)
("C:\Users\Colin\AppData\Local\Programs\MiKTeX 2.9\tex/latex/pgfplots\pgfplots.
sty"
("C:\Users\Colin\AppData\Local\Programs\MiKTeX 2.9\tex/generic/pgfplots\pgfplot
s.revision.tex")
Package: pgfplots 2018/03/28 v1.16 Data Visualization (1.16)

("C:\Users\Colin\AppData\Local\Programs\MiKTeX 2.9\tex/generic/pgfplots\pgfplot
s.code.tex"
("C:\Users\Colin\AppData\Local\Programs\MiKTeX 2.9\tex/generic/pgfplots\pgfplot
score.code.tex"
\t@pgfplots@toka=\toks44
\t@pgfplots@tokb=\toks45
\t@pgfplots@tokc=\toks46
\pgfplots@tmpa=\dimen275
\c@pgfplots@coordindex=\count289
\c@pgfplots@scanlineindex=\count290

("C:\Users\Colin\AppData\Local\Programs\MiKTeX 2.9\tex/generic/pgfplots/sys\pgf
plotssysgeneric.code.tex"))
("C:\Users\Colin\AppData\Local\Programs\MiKTeX 2.9\tex/generic/pgfplots/libs\pg
fplotslibrary.code.tex")
("C:\Users\Colin\AppData\Local\Programs\MiKTeX 2.9\tex/generic/pgfplots/oldpgfc
ompatib\pgfplotsoldpgfsupp_loader.code.tex"
("C:\Users\Colin\AppData\Local\Programs\MiKTeX 2.9\tex/generic/pgf/libraries\pg
flibraryfpu.code.tex"))
("C:\Users\Colin\AppData\Local\Programs\MiKTeX 2.9\tex/generic/pgfplots/util\pg
fplotsutil.code.tex"
("C:\Users\Colin\AppData\Local\Programs\MiKTeX 2.9\tex/generic/pgfplots/liststr
ucture\pgfplotsliststructure.code.tex")
("C:\Users\Colin\AppData\Local\Programs\MiKTeX 2.9\tex/generic/pgfplots/liststr
ucture\pgfplotsliststructureext.code.tex")
("C:\Users\Colin\AppData\Local\Programs\MiKTeX 2.9\tex/generic/pgfplots/liststr
ucture\pgfplotsarray.code.tex"
\c@pgfplotsarray@tmp=\count291
)
("C:\Users\Colin\AppData\Local\Programs\MiKTeX 2.9\tex/generic/pgfplots/liststr
ucture\pgfplotsmatrix.code.tex")
("C:\Users\Colin\AppData\Local\Programs\MiKTeX 2.9\tex/generic/pgfplots/numtabl
e\pgfplotstableshared.code.tex"
\c@pgfplotstable@counta=\count292
\t@pgfplotstable@a=\toks47
)
("C:\Users\Colin\AppData\Local\Programs\MiKTeX 2.9\tex/generic/pgfplots/liststr
ucture\pgfplotsdeque.code.tex")
("C:\Users\Colin\AppData\Local\Programs\MiKTeX 2.9\tex/generic/pgfplots/util\pg
fplotsbinary.code.tex"
("C:\Users\Colin\AppData\Local\Programs\MiKTeX 2.9\tex/generic/pgfplots/util\pg
fplotsbinary.data.code.tex"))
("C:\Users\Colin\AppData\Local\Programs\MiKTeX 2.9\tex/generic/pgfplots/util\pg
fplotsutil.verb.code.tex")
("C:\Users\Colin\AppData\Local\Programs\MiKTeX 2.9\tex/generic/pgfplots/libs\pg
flibrarypgfplots.surfshading.code.tex"
\c@pgfplotslibrarysurf@no=\count293

("C:\Users\Colin\AppData\Local\Programs\MiKTeX 2.9\tex/generic/pgfplots/sys\pgf
librarypgfplots.surfshading.pgfsys-pdftex.def")))
("C:\Users\Colin\AppData\Local\Programs\MiKTeX 2.9\tex/generic/pgfplots/util\pg
fplotscolormap.code.tex"
("C:\Users\Colin\AppData\Local\Programs\MiKTeX 2.9\tex/generic/pgfplots/util\pg
fplotscolor.code.tex"))
("C:\Users\Colin\AppData\Local\Programs\MiKTeX 2.9\tex/generic/pgfplots\pgfplot
sstackedplots.code.tex")
("C:\Users\Colin\AppData\Local\Programs\MiKTeX 2.9\tex/generic/pgfplots\pgfplot
splothandlers.code.tex"
("C:\Users\Colin\AppData\Local\Programs\MiKTeX 2.9\tex/generic/pgfplots\pgfplot
smeshplothandler.code.tex"
("C:\Users\Colin\AppData\Local\Programs\MiKTeX 2.9\tex/generic/pgfplots\pgfplot
smeshplotimage.code.tex")))
("C:\Users\Colin\AppData\Local\Programs\MiKTeX 2.9\tex/generic/pgfplots\pgfplot
s.scaling.code.tex")
("C:\Users\Colin\AppData\Local\Programs\MiKTeX 2.9\tex/generic/pgfplots\pgfplot
scoordprocessing.code.tex")
("C:\Users\Colin\AppData\Local\Programs\MiKTeX 2.9\tex/generic/pgfplots\pgfplot
s.errorbars.code.tex")
("C:\Users\Colin\AppData\Local\Programs\MiKTeX 2.9\tex/generic/pgfplots\pgfplot
s.markers.code.tex")
("C:\Users\Colin\AppData\Local\Programs\MiKTeX 2.9\tex/generic/pgfplots\pgfplot
sticks.code.tex")
("C:\Users\Colin\AppData\Local\Programs\MiKTeX 2.9\tex/generic/pgfplots\pgfplot
s.paths.code.tex")
("C:\Users\Colin\AppData\Local\Programs\MiKTeX 2.9\tex/generic/pgf/frontendlaye
r/tikz/libraries\tikzlibrarydecorations.code.tex"
("C:\Users\Colin\AppData\Local\Programs\MiKTeX 2.9\tex/generic/pgf/modules\pgfm
oduledecorations.code.tex"
\pgfdecoratedcompleteddistance=\dimen276
\pgfdecoratedremainingdistance=\dimen277
\pgfdecoratedinputsegmentcompleteddistance=\dimen278
\pgfdecoratedinputsegmentremainingdistance=\dimen279
\pgf@decorate@distancetomove=\dimen280
\pgf@decorate@repeatstate=\count294
\pgfdecorationsegmentamplitude=\dimen281
\pgfdecorationsegmentlength=\dimen282
)
\tikz@lib@dec@box=\box59
)
("C:\Users\Colin\AppData\Local\Programs\MiKTeX 2.9\tex/generic/pgf/frontendlaye
r/tikz/libraries\tikzlibrarydecorations.pathmorphing.code.tex"
("C:\Users\Colin\AppData\Local\Programs\MiKTeX 2.9\tex/generic/pgf/libraries/de
corations\pgflibrarydecorations.pathmorphing.code.tex"))
("C:\Users\Colin\AppData\Local\Programs\MiKTeX 2.9\tex/generic/pgf/frontendlaye
r/tikz/libraries\tikzlibrarydecorations.pathreplacing.code.tex"
("C:\Users\Colin\AppData\Local\Programs\MiKTeX 2.9\tex/generic/pgf/libraries/de
corations\pgflibrarydecorations.pathreplacing.code.tex"))
\pgfplots@numplots=\count295
\pgfplots@xmin@reg=\dimen283
\pgfplots@xmax@reg=\dimen284
\pgfplots@ymin@reg=\dimen285
\pgfplots@ymax@reg=\dimen286
\pgfplots@zmin@reg=\dimen287
\pgfplots@zmax@reg=\dimen288
)
("C:\Users\Colin\AppData\Local\Programs\MiKTeX 2.9\tex/generic/pgf/frontendlaye
r/tikz/libraries\tikzlibraryplotmarks.code.tex"
File: tikzlibraryplotmarks.code.tex 2020/01/08 v3.1.5b (3.1.5b)

("C:\Users\Colin\AppData\Local\Programs\MiKTeX 2.9\tex/generic/pgf/libraries\pg
flibraryplotmarks.code.tex"
File: pgflibraryplotmarks.code.tex 2020/01/08 v3.1.5b (3.1.5b)
)))
("C:\Users\Colin\AppData\Local\Programs\MiKTeX 2.9\tex/latex/mathtools\mathtool
s.sty"
Package: mathtools 2020/01/17 v1.23 mathematical typesetting tools

("C:\Users\Colin\AppData\Local\Programs\MiKTeX 2.9\tex/latex/tools\calc.sty"
Package: calc 2017/05/25 v4.3 Infix arithmetic (KKT,FJ)
\calc@Acount=\count296
\calc@Bcount=\count297
\calc@Adimen=\dimen289
\calc@Bdimen=\dimen290
\calc@Askip=\skip59
\calc@Bskip=\skip60
LaTeX Info: Redefining \setlength on input line 80.
LaTeX Info: Redefining \addtolength on input line 81.
\calc@Ccount=\count298
\calc@Cskip=\skip61
)
("C:\Users\Colin\AppData\Local\Programs\MiKTeX 2.9\tex/latex/mathtools\mhsetup.
sty"
Package: mhsetup 2017/03/31 v1.3 programming setup (MH)
)
LaTeX Info: Thecontrolsequence`\('isalreadyrobust on input line 129.
LaTeX Info: Thecontrolsequence`\)'isalreadyrobust on input line 129.
LaTeX Info: Thecontrolsequence`\['isalreadyrobust on input line 129.
LaTeX Info: Thecontrolsequence`\]'isalreadyrobust on input line 129.
\g_MT_multlinerow_int=\count299
\l_MT_multwidth_dim=\dimen291
\origjot=\skip62
\l_MT_shortvdotswithinadjustabove_dim=\dimen292
\l_MT_shortvdotswithinadjustbelow_dim=\dimen293
\l_MT_above_intertext_sep=\dimen294
\l_MT_below_intertext_sep=\dimen295
\l_MT_above_shortintertext_sep=\dimen296
\l_MT_below_shortintertext_sep=\dimen297
)
("C:\Users\Colin\AppData\Local\Programs\MiKTeX 2.9\tex/latex/answers\answers.st
y"
Package: answers 2014/08/24 v2.16 Production of solution sheets in LaTeX2e

("C:\Users\Colin\AppData\Local\Programs\MiKTeX 2.9\tex/latex/tools\verbatim.sty
"
Package: verbatim 2019/11/10 v1.5r LaTeX2e package for verbatim enhancements
\every@verbatim=\toks48
\verbatim@line=\toks49
\verbatim@in@stream=\read3
))
("C:\Users\Colin\AppData\Local\Programs\MiKTeX 2.9\tex/latex/setspace\setspace.
sty"
Package: setspace 2011/12/19 v6.7a set line spacing
)
("C:\Users\Colin\AppData\Local\Programs\MiKTeX 2.9\tex/latex/tools\enumerate.st
y"
Package: enumerate 2015/07/23 v3.00 enumerate extensions (DPC)
\@enLab=\toks50
)
("C:\Users\Colin\AppData\Local\Programs\MiKTeX 2.9\tex/latex/tools\multicol.sty
"
Package: multicol 2019/12/09 v1.8y multicolumn formatting (FMi)
\c@tracingmulticols=\count300
\mult@box=\box60
\multicol@leftmargin=\dimen298
\c@unbalance=\count301
\c@collectmore=\count302
\doublecol@number=\count303
\multicoltolerance=\count304
\multicolpretolerance=\count305
\full@width=\dimen299
\page@free=\dimen300
\premulticols=\dimen301
\postmulticols=\dimen302
\multicolsep=\skip63
\multicolbaselineskip=\skip64
\partial@page=\box61
\last@line=\box62
\maxbalancingoverflow=\dimen303
\mult@rightbox=\box63
\mult@grightbox=\box64
\mult@gfirstbox=\box65
\mult@firstbox=\box66
\@tempa=\box67
\@tempa=\box68
\@tempa=\box69
\@tempa=\box70
\@tempa=\box71
\@tempa=\box72
\@tempa=\box73
\@tempa=\box74
\@tempa=\box75
\@tempa=\box76
\@tempa=\box77
\@tempa=\box78
\@tempa=\box79
\@tempa=\box80
\@tempa=\box81
\@tempa=\box82
\@tempa=\box83
\@tempa=\box84
\@tempa=\box85
\@tempa=\box86
\@tempa=\box87
\@tempa=\box88
\@tempa=\box89
\@tempa=\box90
\@tempa=\box91
\@tempa=\box92
\@tempa=\box93
\@tempa=\box94
\@tempa=\box95
\@tempa=\box96
\@tempa=\box97
\@tempa=\box98
\@tempa=\box99
\@tempa=\box100
\@tempa=\box101
\@tempa=\box102
\@tempa=\box103
\c@minrows=\count306
\c@columnbadness=\count307
\c@finalcolumnbadness=\count308
\last@try=\dimen304
\multicolovershoot=\dimen305
\multicolundershoot=\dimen306
\mult@nat@firstbox=\box104
\colbreak@box=\box105
\mc@col@check@num=\count309
)
("C:\Users\Colin\AppData\Local\Programs\MiKTeX 2.9\tex/latex/jknappen\mathrsfs.
sty"
Package: mathrsfs 1996/01/01 Math RSFS package v1.0 (jk)
\symrsfs=\mathgroup6
)
("C:\Users\Colin\AppData\Local\Programs\MiKTeX 2.9\tex/latex/amsfonts\amssymb.s
ty"
Package: amssymb 2013/01/14 v3.01 AMS font symbols
)
("C:\Users\Colin\AppData\Local\Programs\MiKTeX 2.9\tex/latex/marvosym\marvosym.
sty"
Package: marvosym 2011/07/20 v2.2 Martin Vogel's Symbols font definitions
)
("C:\Users\Colin\AppData\Local\Programs\MiKTeX 2.9\tex/latex/wasysym\wasysym.st
y"
Package: wasysym 2020/01/19 v2.4 Wasy-2 symbol support package
\symwasy=\mathgroup7
LaTeX Font Info:    Overwriting symbol font `wasy' in version `bold'
(Font)                  U/wasy/m/n --> U/wasy/b/n on input line 93.
) ("C:\Users\Colin\AppData\Local\Programs\MiKTeX 2.9\tex/latex/float\float.sty"
Package: float 2001/11/08 v1.3d Float enhancements (AL)
\c@float@type=\count310
\float@exts=\toks51
\float@box=\box106
\@float@everytoks=\toks52
\@floatcapt=\box107
)
("C:\Users\Colin\AppData\Local\Programs\MiKTeX 2.9\tex/latex/morefloats\moreflo
ats.sty"
Package: morefloats 2015/07/22 v1.0h Raise limit of unprocessed floats (HMM)
Package morefloats Info: Maximum number of possible floats asked for: 36
(morefloats)             (i.e. 18 more floats).
(morefloats)             LaTeX might run out of memory before this
(morefloats)             (in which case it will notify you).
)
("C:\Users\Colin\AppData\Local\Programs\MiKTeX 2.9\tex/latex/caption\subcaption
.sty"
Package: subcaption 2020/01/22 v1.3d Sub-captions (AR)

("C:\Users\Colin\AppData\Local\Programs\MiKTeX 2.9\tex/latex/caption\caption.st
y"
Package: caption 2020/01/03 v3.4h Customizing captions (AR)

("C:\Users\Colin\AppData\Local\Programs\MiKTeX 2.9\tex/latex/caption\caption3.s
ty"
Package: caption3 2020/01/03 v1.8h caption3 kernel (AR)
Package caption3 Info: TeX engine: e-TeX on input line 61.
\captionmargin=\dimen307
\captionmargin@=\dimen308
\captionwidth=\dimen309
\caption@tempdima=\dimen310
\caption@indent=\dimen311
\caption@parindent=\dimen312
\caption@hangindent=\dimen313
Package caption Info: AMS or SMF document class detected.
)
Package caption Info: AMS or SMF document class.
\c@caption@flags=\count311
\c@continuedfloat=\count312
Package caption Info: float package is loaded.
Package caption Info: hyperref package is loaded.
)
\c@subfigure=\count313
\c@subtable=\count314
)
("C:\Users\Colin\AppData\Local\Programs\MiKTeX 2.9\tex/latex/tcolorbox\tcolorbo
x.sty"
Package: tcolorbox 2019/11/15 version 4.22 text color boxes

("C:\Users\Colin\AppData\Local\Programs\MiKTeX 2.9\tex/latex/environ\environ.st
y"
Package: environ 2014/05/04 v0.3 A new way to define environments

("C:\Users\Colin\AppData\Local\Programs\MiKTeX 2.9\tex/latex/trimspaces\trimspa
ces.sty"
Package: trimspaces 2009/09/17 v1.1 Trim spaces around a token list
))
("C:\Users\Colin\AppData\Local\Programs\MiKTeX 2.9\tex/latex/etoolbox\etoolbox.
sty"
Package: etoolbox 2019/09/21 v2.5h e-TeX tools for LaTeX (JAW)
\etb@tempcnta=\count315
)
\tcb@titlebox=\box108
\tcb@upperbox=\box109
\tcb@lowerbox=\box110
\tcb@phantombox=\box111
\c@tcbbreakpart=\count316
\c@tcblayer=\count317
\tcolorbox@number=\count318
\tcb@temp=\box112
\tcb@temp=\box113
\tcb@temp=\box114
\tcb@temp=\box115
\tcb@out=\write4
\tcb@record@out=\write5

("C:\Users\Colin\AppData\Local\Programs\MiKTeX 2.9\tex/latex/tcolorbox\tcbraste
r.code.tex"
Library (tcolorbox): 'tcbraster.code.tex' version '4.22'
\c@tcbrastercolumn=\count319
\c@tcbrasterrow=\count320
\c@tcbraster=\count321
)
("C:\Users\Colin\AppData\Local\Programs\MiKTeX 2.9\tex/latex/tcolorbox\tcbskins
.code.tex"
Library (tcolorbox): 'tcbskins.code.tex' version '4.22'
\tcb@waterbox=\box116

("C:\Users\Colin\AppData\Local\Programs\MiKTeX 2.9\tex/latex/tcolorbox\tcbskins
jigsaw.code.tex"
Library (tcolorbox): 'tcbskinsjigsaw.code.tex' version '4.22'
))
("C:\Users\Colin\AppData\Local\Programs\MiKTeX 2.9\tex/latex/tcolorbox\tcbbreak
able.code.tex"
Library (tcolorbox): 'tcbbreakable.code.tex' version '4.22'
\tcb@testbox=\box117
\tcb@totalupperbox=\box118
\tcb@totallowerbox=\box119
)
("C:\Users\Colin\AppData\Local\Programs\MiKTeX 2.9\tex/latex/tcolorbox\tcbhooks
.code.tex"
Library (tcolorbox): 'tcbhooks.code.tex' version '4.22'
)
("C:\Users\Colin\AppData\Local\Programs\MiKTeX 2.9\tex/latex/tcolorbox\tcbtheor
ems.code.tex"
Library (tcolorbox): 'tcbtheorems.code.tex' version '4.22'
)
("C:\Users\Colin\AppData\Local\Programs\MiKTeX 2.9\tex/latex/tcolorbox\tcbfitti
ng.code.tex"
Library (tcolorbox): 'tcbfitting.code.tex' version '4.22'
\tcbfitdim=\dimen314
\tcb@lowerfitdim=\dimen315
\tcb@upperfitdim=\dimen316
\tcb@cur@hbadness=\count322
)
("C:\Users\Colin\AppData\Local\Programs\MiKTeX 2.9\tex/latex/tcolorbox\tcbxpars
e.code.tex"
Library (tcolorbox): 'tcbxparse.code.tex' version '4.22'

("C:\Users\Colin\AppData\Local\Programs\MiKTeX 2.9\tex/latex/l3packages/xparse\
xparse.sty"
("C:\Users\Colin\AppData\Local\Programs\MiKTeX 2.9\tex/latex/l3kernel\expl3.sty
"
Package: expl3 2020-02-14 L3 programming layer (loader) 

("C:\Users\Colin\AppData\Local\Programs\MiKTeX 2.9\tex/latex/l3backend\l3backen
d-pdfmode.def"
File: l3backend-pdfmode.def 2020-02-03 L3 backend support: PDF mode
\l__kernel_color_stack_int=\count323
\l__pdf_internal_box=\box120
))
Package: xparse 2020-02-14 L3 Experimental document command parser
\l__xparse_current_arg_int=\count324
\g__xparse_grabber_int=\count325
\l__xparse_m_args_int=\count326
\l__xparse_v_nesting_int=\count327
))
("C:\Users\Colin\AppData\Local\Programs\MiKTeX 2.9\tex/latex/tcolorbox\tcblisti
ngsutf8.code.tex"
Library (tcolorbox): 'tcblistingsutf8.code.tex' version '4.22'

("C:\Users\Colin\AppData\Local\Programs\MiKTeX 2.9\tex/latex/listingsutf8\listi
ngsutf8.sty"
Package: listingsutf8 2019-12-10 v1.5 Allow UTF-8 in listings input (HO)

("C:\Users\Colin\AppData\Local\Programs\MiKTeX 2.9\tex/latex/listings\listings.
sty"
\lst@mode=\count328
\lst@gtempboxa=\box121
\lst@token=\toks53
\lst@length=\count329
\lst@currlwidth=\dimen317
\lst@column=\count330
\lst@pos=\count331
\lst@lostspace=\dimen318
\lst@width=\dimen319
\lst@newlines=\count332
\lst@lineno=\count333
\lst@maxwidth=\dimen320

("C:\Users\Colin\AppData\Local\Programs\MiKTeX 2.9\tex/latex/listings\lstmisc.s
ty"
File: lstmisc.sty 2019/09/10 1.8c (Carsten Heinz)
\c@lstnumber=\count334
\lst@skipnumbers=\count335
\lst@framebox=\box122
)
("C:\Users\Colin\AppData\Local\Programs\MiKTeX 2.9\tex/latex/listings\listings.
cfg"
File: listings.cfg 2019/09/10 1.8c listings configuration
))
Package: listings 2019/09/10 1.8c (Carsten Heinz)

("C:\Users\Colin\AppData\Local\Programs\MiKTeX 2.9\tex/generic/stringenc\string
enc.sty"
Package: stringenc 2019/11/29 v1.12 Convert strings between diff. encodings (HO
)
))
("C:\Users\Colin\AppData\Local\Programs\MiKTeX 2.9\tex/latex/tcolorbox\tcblisti
ngs.code.tex"
Library (tcolorbox): 'tcblistings.code.tex' version '4.22'

("C:\Users\Colin\AppData\Local\Programs\MiKTeX 2.9\tex/latex/tcolorbox\tcblisti
ngscore.code.tex"
Library (tcolorbox): 'tcblistingscore.code.tex' version '4.22'

("C:\Users\Colin\AppData\Local\Programs\MiKTeX 2.9\tex/latex/tcolorbox\tcbproce
ssing.code.tex"
Library (tcolorbox): 'tcbprocessing.code.tex' version '4.22'
("C:\Users\Colin\AppData\Local\Programs\MiKTeX 2.9\tex/latex/tools\shellesc.sty
"
Package: shellesc 2019/11/08 v1.0c unified shell escape interface for LaTeX
Package shellesc Info: Restricted shell escape enabled on input line 77.
))
\c@tcblisting=\count336
)))
("C:\Users\Colin\AppData\Local\Programs\MiKTeX 2.9\tex/latex/tcolorbox\tcbexter
nal.code.tex"
Library (tcolorbox): 'tcbexternal.code.tex' version '4.22'
)
("C:\Users\Colin\AppData\Local\Programs\MiKTeX 2.9\tex/latex/tcolorbox\tcbmagaz
ine.code.tex"
Library (tcolorbox): 'tcbmagazine.code.tex' version '4.22'
)
("C:\Users\Colin\AppData\Local\Programs\MiKTeX 2.9\tex/latex/tcolorbox\tcbvigne
tte.code.tex"
Library (tcolorbox): 'tcbvignette.code.tex' version '4.22'

("C:\Users\Colin\AppData\Local\Programs\MiKTeX 2.9\tex/generic/pgf/frontendlaye
r/tikz/libraries\tikzlibraryfadings.code.tex"
File: tikzlibraryfadings.code.tex 2020/01/08 v3.1.5b (3.1.5b)

("C:\Users\Colin\AppData\Local\Programs\MiKTeX 2.9\tex/generic/pgf/libraries\pg
flibraryfadings.code.tex"
File: pgflibraryfadings.code.tex 2020/01/08 v3.1.5b (3.1.5b)
)))
("C:\Users\Colin\AppData\Local\Programs\MiKTeX 2.9\tex/latex/tcolorbox\tcbposte
r.code.tex"
Library (tcolorbox): 'tcbposter.code.tex' version '4.22'
))
("C:\Users\Colin\AppData\Local\Programs\MiKTeX 2.9\tex/latex/fancyvrb\fancyvrb.
sty"
Package: fancyvrb 2020/01/13 v3.5 verbatim text (tvz,hv)
\FV@CodeLineNo=\count337
\FV@InFile=\read4
\FV@TabBox=\box123
\c@FancyVerbLine=\count338
\FV@StepNumber=\count339
\FV@OutFile=\write6
)
("C:\Users\Colin\AppData\Local\Programs\MiKTeX 2.9\tex/latex/tools\longtable.st
y"
Package: longtable 2020/01/07 v4.13 Multi-page Table package (DPC)
\LTleft=\skip65
\LTright=\skip66
\LTpre=\skip67
\LTpost=\skip68
\LTchunksize=\count340
\LTcapwidth=\dimen321
\LT@head=\box124
\LT@firsthead=\box125
\LT@foot=\box126
\LT@lastfoot=\box127
\LT@cols=\count341
\LT@rows=\count342
\c@LT@tables=\count343
\c@LT@chunks=\count344
\LT@p@ftn=\toks54
)
("C:\Users\Colin\AppData\Local\Programs\MiKTeX 2.9\tex/latex/booktabs\booktabs.
sty"
Package: booktabs 2020/01/12 v1.61803398 Publication quality tables
\heavyrulewidth=\dimen322
\lightrulewidth=\dimen323
\cmidrulewidth=\dimen324
\belowrulesep=\dimen325
\belowbottomsep=\dimen326
\aboverulesep=\dimen327
\abovetopsep=\dimen328
\cmidrulesep=\dimen329
\cmidrulekern=\dimen330
\defaultaddspace=\dimen331
\@cmidla=\count345
\@cmidlb=\count346
\@aboverulesep=\dimen332
\@belowrulesep=\dimen333
\@thisruleclass=\count347
\@lastruleclass=\count348
\@thisrulewidth=\dimen334
)
("C:\Users\Colin\AppData\Local\Programs\MiKTeX 2.9\tex/latex/oberdiek\stackrel.
sty"
Package: stackrel 2016/05/16 v1.3 Adding subscript option to stackrel (HO)
)
("C:\Users\Colin\AppData\Local\Programs\MiKTeX 2.9\tex/latex/tools\tabularx.sty
"
Package: tabularx 2020/01/15 v2.11c `tabularx' package (DPC)
 ("C:\Users\Colin\AppData\Local\Programs\MiKTeX 2.9\tex/latex/tools\array.sty"
Package: array 2019/08/31 v2.4l Tabular extension package (FMi)
\col@sep=\dimen335
\ar@mcellbox=\box128
\extrarowheight=\dimen336
\NC@list=\toks55
\extratabsurround=\skip69
\backup@length=\skip70
\ar@cellbox=\box129
)
\TX@col@width=\dimen337
\TX@old@table=\dimen338
\TX@old@col=\dimen339
\TX@target=\dimen340
\TX@delta=\dimen341
\TX@cols=\count349
\TX@ftn=\toks56
)
\c@abc=\count350
\c@problem=\count351
\c@solution=\count352

("C:\Users\Colin\AppData\Local\Programs\MiKTeX 2.9\tex/latex/l3packages/xfrac\x
frac.sty"
("C:\Users\Colin\AppData\Local\Programs\MiKTeX 2.9\tex/latex/l3packages/l3keys2
e\l3keys2e.sty"
Package: l3keys2e 2020-02-14 LaTeX2e option processing using LaTeX3 keys
)
("C:\Users\Colin\AppData\Local\Programs\MiKTeX 2.9\tex/latex/base\textcomp.sty"
Package: textcomp 2020/02/02 v2.0n Standard LaTeX package
)
("C:\Users\Colin\AppData\Local\Programs\MiKTeX 2.9\tex/latex/l3packages/xtempla
te\xtemplate.sty"
Package: xtemplate 2020-02-14 L3 Experimental prototype document functions
\l__xtemplate_tmp_dim=\dimen342
\l__xtemplate_tmp_int=\count353
\l__xtemplate_tmp_muskip=\muskip18
\l__xtemplate_tmp_skip=\skip71
)
Package: xfrac 2020-02-14 L3 Experimental split-level fractions
\l__xfrac_slash_box=\box130
\l__xfrac_tmp_box=\box131
\l__xfrac_denominator_bot_sep_dim=\dimen343
\l__xfrac_numerator_bot_sep_dim=\dimen344
\l__xfrac_numerator_top_sep_dim=\dimen345
\l__xfrac_slash_left_sep_dim=\dimen346
\l__xfrac_slash_right_sep_dim=\dimen347
\l__xfrac_slash_left_muskip=\muskip19
\l__xfrac_slash_right_muskip=\muskip20

Package xtemplate Info: Declaring object type 'xfrac' taking 3 argument(s) on
(xtemplate)             line 80.

)) (quiz_2.aux)
\openout1 = `quiz_2.aux'.

LaTeX Font Info:    Checking defaults for OML/cmm/m/it on input line 5.
LaTeX Font Info:    ... okay on input line 5.
LaTeX Font Info:    Checking defaults for OMS/cmsy/m/n on input line 5.
LaTeX Font Info:    ... okay on input line 5.
LaTeX Font Info:    Checking defaults for OT1/cmr/m/n on input line 5.
LaTeX Font Info:    ... okay on input line 5.
LaTeX Font Info:    Checking defaults for T1/cmr/m/n on input line 5.
LaTeX Font Info:    ... okay on input line 5.
LaTeX Font Info:    Checking defaults for TS1/cmr/m/n on input line 5.
LaTeX Font Info:    ... okay on input line 5.
LaTeX Font Info:    Checking defaults for OMX/cmex/m/n on input line 5.
LaTeX Font Info:    ... okay on input line 5.
LaTeX Font Info:    Checking defaults for U/cmr/m/n on input line 5.
LaTeX Font Info:    ... okay on input line 5.
LaTeX Font Info:    Checking defaults for PD1/pdf/m/n on input line 5.
LaTeX Font Info:    ... okay on input line 5.
LaTeX Font Info:    Trying to load font information for U+msa on input line 5.

("C:\Users\Colin\AppData\Local\Programs\MiKTeX 2.9\tex/latex/amsfonts\umsa.fd"
File: umsa.fd 2013/01/14 v3.01 AMS symbols A
)
LaTeX Font Info:    Trying to load font information for U+msb on input line 5.
("C:\Users\Colin\AppData\Local\Programs\MiKTeX 2.9\tex/latex/amsfonts\umsb.fd"
File: umsb.fd 2013/01/14 v3.01 AMS symbols B
)
LaTeX Font Info:    Trying to load font information for U+rsfs on input line 5.

("C:\Users\Colin\AppData\Local\Programs\MiKTeX 2.9\tex/latex/jknappen\ursfs.fd"
File: ursfs.fd 1998/03/24 rsfs font definition file (jk)
)
LaTeX Font Info:    Trying to load font information for U+wasy on input line 5.

 ("C:\Users\Colin\AppData\Local\Programs\MiKTeX 2.9\tex/latex/wasysym\uwasy.fd"
File: uwasy.fd 2020/01/19 v2.4 Wasy-2 symbol font definitions
)
*geometry* driver: auto-detecting
*geometry* detected driver: pdftex
*geometry* verbose mode - [ preamble ] result:
* driver: pdftex
* paper: <default>
* layout: <same size as paper>
* layoutoffset:(h,v)=(0.0pt,0.0pt)
* modes: twoside 
* h-part:(L,W,R)=(85.35826pt, 443.57848pt, 85.35826pt)
* v-part:(T,H,B)=(85.35826pt, 624.25346pt, 85.35826pt)
* \paperwidth=614.295pt
* \paperheight=794.96999pt
* \textwidth=443.57848pt
* \textheight=624.25346pt
* \oddsidemargin=13.08827pt
* \evensidemargin=13.08827pt
* \topmargin=-8.91173pt
* \headheight=8.0pt
* \headsep=14.0pt
* \topskip=10.0pt
* \footskip=18.0pt
* \marginparwidth=90.0pt
* \marginparsep=11.0pt
* \columnsep=10.0pt
* \skip\footins=7.0pt plus 11.0pt
* \hoffset=0.0pt
* \voffset=0.0pt
* \mag=1000
* \@twocolumnfalse
* \@twosidetrue
* \@mparswitchtrue
* \@reversemarginfalse
* (1in=72.27pt=25.4mm, 1cm=28.453pt)

\AtBeginShipoutBox=\box132
Package hyperref Info: Link coloring OFF on input line 5.

("C:\Users\Colin\AppData\Local\Programs\MiKTeX 2.9\tex/latex/hyperref\nameref.s
ty"
Package: nameref 2019/09/16 v2.46 Cross-referencing by name of section

("C:\Users\Colin\AppData\Local\Programs\MiKTeX 2.9\tex/latex/refcount\refcount.
sty"
Package: refcount 2019/12/15 v3.6 Data extraction from label references (HO)
)
("C:\Users\Colin\AppData\Local\Programs\MiKTeX 2.9\tex/generic/gettitlestring\g
ettitlestring.sty"
Package: gettitlestring 2019/12/15 v1.6 Cleanup title references (HO)
)
\c@section@level=\count354
)
LaTeX Info: Redefining \ref on input line 5.
LaTeX Info: Redefining \pageref on input line 5.
LaTeX Info: Redefining \nameref on input line 5.
 (quiz_2.out) (quiz_2.out)
\@outlinefile=\write7
\openout7 = `quiz_2.out'.


("C:\Users\Colin\AppData\Local\Programs\MiKTeX 2.9\tex/context/base/mkii\supp-p
df.mkii"
[Loading MPS to PDF converter (version 2006.09.02).]
\scratchcounter=\count355
\scratchdimen=\dimen348
\scratchbox=\box133
\nofMPsegments=\count356
\nofMParguments=\count357
\everyMPshowfont=\toks57
\MPscratchCnt=\count358
\MPscratchDim=\dimen349
\MPnumerator=\count359
\makeMPintoPDFobject=\count360
\everyMPtoPDFconversion=\toks58
)
("C:\Users\Colin\AppData\Local\Programs\MiKTeX 2.9\tex/latex/epstopdf-pkg\epsto
pdf-base.sty"
Package: epstopdf-base 2020-01-24 v2.11 Base part for package epstopdf
Package epstopdf-base Info: Redefining graphics rule for `.eps' on input line 4
85.
) ABD: EveryShipout initializing macros
Package pgfplots notification 'compat/show suggested version=true': you might b
enefit from \pgfplotsset{compat=1.16} (current compat level: 1.15).

Package caption Info: Begin \AtBeginDocument code.
Package caption Info: listings package is loaded.
Package caption Info: longtable package is loaded.

("C:\Users\Colin\AppData\Local\Programs\MiKTeX 2.9\tex/latex/caption\ltcaption.
sty"
Package: ltcaption 2018/08/26 v1.4a longtable captions (AR)
)
Package caption Info: End \AtBeginDocument code.
\c@lstlisting=\count361

("C:\Users\Colin\AppData\Local\Programs\MiKTeX 2.9\tex/latex/base\inputenc.sty"
Package: inputenc 2018/08/11 v1.3c Input encoding file
\inpenc@prehook=\toks59
\inpenc@posthook=\toks60
) [1{C:/Users/Colin/AppData/Local/MiKTeX/2.9/pdftex/config/pdftex.map}]pdfTeX w
arning (ext4): destination with the same identifier (name{page.}) has been alre
ady used, duplicate ignored
<to be read again> 
                   \relax 
l.81 \end{document}
                    [2]
Package atveryend Info: Empty hook `BeforeClearDocument' on input line 81.
Package atveryend Info: Empty hook `AfterLastShipout' on input line 81.
 (quiz_2.aux)
Package atveryend Info: Executing hook `AtVeryEndDocument' on input line 81.
Package atveryend Info: Executing hook `AtEndAfterFileList' on input line 81.
Package rerunfilecheck Info: File `quiz_2.out' has not changed.
(rerunfilecheck)             Checksum: D41D8CD98F00B204E9800998ECF8427E;0.
Package atveryend Info: Empty hook `AtVeryVeryEnd' on input line 81.
 ) 
Here is how much of TeX's memory you used:
 39377 strings out of 481556
 940723 string characters out of 2913869
 1323570 words of memory out of 3000000
 53728 multiletter control sequences out of 15000+200000
 543763 words of font info for 71 fonts, out of 3000000 for 9000
 1302 hyphenation exceptions out of 8191
 77i,6n,123p,952b,609s stack positions out of 5000i,500n,10000p,200000b,50000s
<C:/Users/Colin/AppData/Local/Programs/MiKTeX 2.9/fonts/type1/public/amsfonts
/cm/cmbx12.pfb><C:/Users/Colin/AppData/Local/Programs/MiKTeX 2.9/fonts/type1/pu
blic/amsfonts/cm/cmcsc10.pfb><C:/Users/Colin/AppData/Local/Programs/MiKTeX 2.9/
fonts/type1/public/amsfonts/cm/cmmi12.pfb><C:/Users/Colin/AppData/Local/Program
s/MiKTeX 2.9/fonts/type1/public/amsfonts/cm/cmmi8.pfb><C:/Users/Colin/AppData/L
ocal/Programs/MiKTeX 2.9/fonts/type1/public/amsfonts/cm/cmr12.pfb><C:/Users/Col
in/AppData/Local/Programs/MiKTeX 2.9/fonts/type1/public/amsfonts/cm/cmr8.pfb><C
:/Users/Colin/AppData/Local/Programs/MiKTeX 2.9/fonts/type1/public/amsfonts/cm/
cmsy10.pfb><C:/Users/Colin/AppData/Local/Programs/MiKTeX 2.9/fonts/type1/public
/amsfonts/cm/cmsy8.pfb><C:/Users/Colin/AppData/Local/Programs/MiKTeX 2.9/fonts/
type1/public/amsfonts/cm/cmti12.pfb>
Output written on quiz_2.pdf (2 pages, 116413 bytes).
PDF statistics:
 107 PDF objects out of 1000 (max. 8388607)
 17 named destinations out of 1000 (max. 500000)
 157 words of extra memory for PDF output out of 10000 (max. 10000000)

